---
  0 debug pnpm:scope: 
    selected: 1
    workspacePrefix: null
  1 info pnpm: 
    message: "A store server is running. All store manipulations are delegated to it."
    prefix: "/app"
  2 debug pnpm:package-json: 
    initial: 
      name: "hello-express"
      version: "0.0.1"
      description: "CodeWork v12 Boş Altyapı"
      main: "bot.js"
      scripts: 
        start: "node bot.js"
      dependencies: 
        canvas: "^2.6.1"
        dabi-images: "^2.7.5"
        discord.js: "^12.5.1"
        express: "^4.17.1"
        fs: "^0.0.2"
        funny-words: "^0.1.2"
        google-tts-api: "^2.0.1"
        mathjs: "^8.1.1"
        moment: "^2.29.1"
        moment-duration-format: "^2.3.2"
        ms: "^2.1.3"
        node-superfetch: "^0.1.10"
        quick.db: "^7.1.2"
        request: "^2.88.2"
      engines: 
        node: "12.x"
      repository: 
        url: "https://glitch.com/edit/#!/hello-express"
      license: "MIT"
      keywords: 
        - "node"
        - "glitch"
        - "express"
      gitHead: "bf65c39bab38561f7dd83cbc3a2350cf7bb4a20f"
      readme: "ERROR: No README data found!"
      _id: "hello-express@0.0.1"
    prefix: "/app"
  3 warn pnpm: 
    message: "Moving dabi-images that was installed by a different package manager to \"node_modules/.ignored"
    prefix: "/app"
  4 error pnpm: 
    message: 
      errno: -39
      code: "ENOTEMPTY"
      syscall: "rename"
      path: "/rbd/pnpm-volume/9ea63c65-fd17-43a6-91d8-b9fb87a834e6/node_modules/dabi-images"
      dest: "/rbd/pnpm-volume/9ea63c65-fd17-43a6-91d8-b9fb87a834e6/node_modules/.ignored/dabi-images"
    err: 
      name: "Error"
      message: "ENOTEMPTY: directory not empty, rename '/rbd/pnpm-volume/9ea63c65-fd17-43a6-91d8-b9fb87a834e6/node_modules/dabi-images' -> '/rbd/pnpm-volume/9ea63c65-fd17-43a6-91d8-b9fb87a834e6/node_modules/.ignored/dabi-images'"
      code: "ENOTEMPTY"
      stack: "Error: ENOTEMPTY: directory not empty, rename '/rbd/pnpm-volume/9ea63c65-fd17-43a6-91d8-b9fb87a834e6/node_modules/dabi-images' -> '/rbd/pnpm-volume/9ea63c65-fd17-43a6-91d8-b9fb87a834e6/node_modules/.ignored/dabi-images'"
